2026-03-16 18:37:16 [main] INFO com.ui.listeners.TestListener.onStart(TestListener.java:60) Test Suite Started...!!! 
2026-03-16 18:37:16 [TestNG-test-UI Automation Test-1] INFO com.ui.tests.TestBase.setup(TestBase.java:19) Load the home page of the website 
2026-03-16 18:37:16 [TestNG-test-UI Automation Test-1] INFO com.utility.BrowserUtility.<init>(BrowserUtility.java:36) Launching CHROME browser 
2026-03-16 18:37:16 [TestNG-test-UI Automation Test-3] INFO com.ui.tests.TestBase.setup(TestBase.java:19) Load the home page of the website 
2026-03-16 18:37:16 [TestNG-test-UI Automation Test-3] INFO com.utility.BrowserUtility.<init>(BrowserUtility.java:36) Launching CHROME browser 
2026-03-16 18:37:17 [TestNG-test-UI Automation Test-2] INFO com.ui.tests.TestBase.setup(TestBase.java:19) Load the home page of the website 
2026-03-16 18:37:17 [TestNG-test-UI Automation Test-2] INFO com.utility.BrowserUtility.<init>(BrowserUtility.java:36) Launching CHROME browser 
2026-03-16 18:37:17 [TestNG-test-UI Automation Test-1] INFO com.utility.BrowserUtility.goToWebsite(BrowserUtility.java:70) Visiting the website https://automationpractice.techwithjatin.com/ 
2026-03-16 18:37:17 [TestNG-test-UI Automation Test-3] INFO com.utility.BrowserUtility.goToWebsite(BrowserUtility.java:70) Visiting the website https://automationpractice.techwithjatin.com/ 
2026-03-16 18:37:17 [TestNG-test-UI Automation Test-2] INFO com.utility.BrowserUtility.goToWebsite(BrowserUtility.java:70) Visiting the website https://automationpractice.techwithjatin.com/ 
2026-03-16 18:37:18 [TestNG-test-UI Automation Test-3] INFO com.utility.BrowserUtility.maximizeWindow(BrowserUtility.java:76) Maximizing the browser window 
2026-03-16 18:37:18 [TestNG-test-UI Automation Test-3] INFO com.ui.listeners.TestListener.onTestStart(TestListener.java:28) loginTest 
2026-03-16 18:37:18 [TestNG-test-UI Automation Test-3] INFO com.ui.listeners.TestListener.onTestStart(TestListener.java:29) verifies if the valid user is able to login to the application 
2026-03-16 18:37:18 [TestNG-test-UI Automation Test-3] INFO com.ui.listeners.TestListener.onTestStart(TestListener.java:30) [e2e, sanity] 
2026-03-16 18:37:18 [TestNG-test-UI Automation Test-3] INFO com.ui.pages.HomePage.goToLoginPage(HomePage.java:25) Trying to perform click to go to sign in page 
2026-03-16 18:37:18 [TestNG-test-UI Automation Test-3] INFO com.utility.BrowserUtility.clickOn(BrowserUtility.java:81) Finding the element with locator By.xpath: //a[contains(text(),'Sign in')] 
2026-03-16 18:37:18 [TestNG-test-UI Automation Test-3] INFO com.utility.BrowserUtility.clickOn(BrowserUtility.java:83) Element found and now performing click 
2026-03-16 18:37:18 [TestNG-test-UI Automation Test-1] INFO com.utility.BrowserUtility.maximizeWindow(BrowserUtility.java:76) Maximizing the browser window 
2026-03-16 18:37:18 [TestNG-test-UI Automation Test-1] INFO com.ui.listeners.TestListener.onTestStart(TestListener.java:28) loginCSVTest 
2026-03-16 18:37:18 [TestNG-test-UI Automation Test-1] INFO com.ui.listeners.TestListener.onTestStart(TestListener.java:29) verifies if the valid user is able to login to the application 
2026-03-16 18:37:18 [TestNG-test-UI Automation Test-1] INFO com.ui.listeners.TestListener.onTestStart(TestListener.java:30) [e2e, sanity] 
2026-03-16 18:37:18 [TestNG-test-UI Automation Test-1] INFO com.ui.pages.HomePage.goToLoginPage(HomePage.java:25) Trying to perform click to go to sign in page 
2026-03-16 18:37:18 [TestNG-test-UI Automation Test-1] INFO com.utility.BrowserUtility.clickOn(BrowserUtility.java:81) Finding the element with locator By.xpath: //a[contains(text(),'Sign in')] 
2026-03-16 18:37:18 [TestNG-test-UI Automation Test-1] INFO com.utility.BrowserUtility.clickOn(BrowserUtility.java:83) Element found and now performing click 
2026-03-16 18:37:18 [TestNG-test-UI Automation Test-3] INFO com.utility.BrowserUtility.enterText(BrowserUtility.java:88) Finding the element with locator By.id: email 
2026-03-16 18:37:18 [TestNG-test-UI Automation Test-3] INFO com.utility.BrowserUtility.enterText(BrowserUtility.java:90) Element found and now entering text wayopew108@flosek.com 
2026-03-16 18:37:18 [TestNG-test-UI Automation Test-1] INFO com.utility.BrowserUtility.enterText(BrowserUtility.java:88) Finding the element with locator By.id: email 
2026-03-16 18:37:18 [TestNG-test-UI Automation Test-1] INFO com.utility.BrowserUtility.enterText(BrowserUtility.java:90) Element found and now entering text leviackerman@gmail.com 
2026-03-16 18:37:18 [TestNG-test-UI Automation Test-3] INFO com.utility.BrowserUtility.enterText(BrowserUtility.java:88) Finding the element with locator By.id: passwd 
2026-03-16 18:37:18 [TestNG-test-UI Automation Test-3] INFO com.utility.BrowserUtility.enterText(BrowserUtility.java:90) Element found and now entering text password 
2026-03-16 18:37:18 [TestNG-test-UI Automation Test-1] INFO com.utility.BrowserUtility.enterText(BrowserUtility.java:88) Finding the element with locator By.id: passwd 
2026-03-16 18:37:18 [TestNG-test-UI Automation Test-3] INFO com.utility.BrowserUtility.clickOn(BrowserUtility.java:81) Finding the element with locator By.id: SubmitLogin 
2026-03-16 18:37:18 [TestNG-test-UI Automation Test-1] INFO com.utility.BrowserUtility.enterText(BrowserUtility.java:90) Element found and now entering text passpass 
2026-03-16 18:37:18 [TestNG-test-UI Automation Test-3] INFO com.utility.BrowserUtility.clickOn(BrowserUtility.java:83) Element found and now performing click 
2026-03-16 18:37:18 [TestNG-test-UI Automation Test-1] INFO com.utility.BrowserUtility.clickOn(BrowserUtility.java:81) Finding the element with locator By.id: SubmitLogin 
2026-03-16 18:37:18 [TestNG-test-UI Automation Test-1] INFO com.utility.BrowserUtility.clickOn(BrowserUtility.java:83) Element found and now performing click 
2026-03-16 18:37:18 [TestNG-test-UI Automation Test-3] INFO com.utility.BrowserUtility.getVisibleText(BrowserUtility.java:95) Finding the element with locator By.xpath: //a[@title='View my customer account']/span 
2026-03-16 18:37:18 [TestNG-test-UI Automation Test-1] INFO com.utility.BrowserUtility.getVisibleText(BrowserUtility.java:95) Finding the element with locator By.xpath: //a[@title='View my customer account']/span 
2026-03-16 18:37:18 [TestNG-test-UI Automation Test-1] ERROR com.ui.listeners.TestListener.onTestFailure(TestListener.java:41) loginCSVTest FAILED 
2026-03-16 18:37:18 [TestNG-test-UI Automation Test-1] ERROR com.ui.listeners.TestListener.onTestFailure(TestListener.java:42) no such element: Unable to locate element: {"method":"xpath","selector":"//a[@title='View my customer account']/span"}
  (Session info: chrome=146.0.7680.80)
For documentation on this error, please visit: https://www.selenium.dev/documentation/webdriver/troubleshooting/errors#nosuchelementexception
Build info: version: '4.41.0', revision: '9fc754f'
System info: os.name: 'Windows 11', os.arch: 'amd64', os.version: '10.0', java.version: '21.0.8'
Driver info: org.openqa.selenium.chrome.ChromeDriver
Command: [bd8e06871d18e0b0cadbffff9eaf19c1, findElement {value=//a[@title='View my customer account']/span, using=xpath}]
Capabilities {acceptInsecureCerts: false, browserName: chrome, browserVersion: 146.0.7680.80, chrome: {chromedriverVersion: 146.0.7680.80 (f08938029c88..., userDataDir: C:\Users\WELCOME\AppData\Lo...}, fedcm:accounts: true, goog:chromeOptions: {debuggerAddress: localhost:56450}, goog:processID: 15616, networkConnectionEnabled: false, pageLoadStrategy: normal, platformName: windows, proxy: Proxy(), se:cdp: ws://localhost:56450/devtoo..., se:cdpVersion: 146.0.7680.80, setWindowRect: true, strictFileInteractability: false, timeouts: {implicit: 0, pageLoad: 300000, script: 30000}, unhandledPromptBehavior: dismiss and notify, webauthn:extension:credBlob: true, webauthn:extension:largeBlob: true, webauthn:extension:minPinLength: true, webauthn:extension:prf: true, webauthn:virtualAuthenticators: true}
Session ID: bd8e06871d18e0b0cadbffff9eaf19c1 
2026-03-16 18:37:18 [TestNG-test-UI Automation Test-1] INFO com.ui.listeners.TestListener.onTestFailure(TestListener.java:47) Capturing screenshot for the failed test... 
2026-03-16 18:37:18 [TestNG-test-UI Automation Test-3] INFO com.utility.BrowserUtility.getVisibleText(BrowserUtility.java:98) Element found and now returning text Skill Up 
2026-03-16 18:37:18 [TestNG-test-UI Automation Test-3] INFO com.ui.listeners.TestListener.onTestSuccess(TestListener.java:36) loginTest PASSED 
2026-03-16 18:37:18 [TestNG-test-UI Automation Test-3] INFO com.ui.tests.TestBase.setup(TestBase.java:19) Load the home page of the website 
2026-03-16 18:37:18 [TestNG-test-UI Automation Test-3] INFO com.utility.BrowserUtility.<init>(BrowserUtility.java:36) Launching CHROME browser 
2026-03-16 18:37:19 [TestNG-test-UI Automation Test-1] INFO com.ui.listeners.TestListener.onTestFailure(TestListener.java:50) Attaching screenshot to the HTML file... 
2026-03-16 18:37:19 [TestNG-test-UI Automation Test-1] INFO com.ui.tests.TestBase.setup(TestBase.java:19) Load the home page of the website 
2026-03-16 18:37:19 [TestNG-test-UI Automation Test-1] INFO com.utility.BrowserUtility.<init>(BrowserUtility.java:36) Launching CHROME browser 
2026-03-16 18:37:19 [TestNG-test-UI Automation Test-3] INFO com.utility.BrowserUtility.goToWebsite(BrowserUtility.java:70) Visiting the website https://automationpractice.techwithjatin.com/ 
2026-03-16 18:37:19 [TestNG-test-UI Automation Test-1] INFO com.utility.BrowserUtility.goToWebsite(BrowserUtility.java:70) Visiting the website https://automationpractice.techwithjatin.com/ 
2026-03-16 18:37:20 [TestNG-test-UI Automation Test-2] INFO com.utility.BrowserUtility.maximizeWindow(BrowserUtility.java:76) Maximizing the browser window 
2026-03-16 18:37:20 [TestNG-test-UI Automation Test-2] INFO com.ui.listeners.TestListener.onTestStart(TestListener.java:28) loginExcelTest 
2026-03-16 18:37:20 [TestNG-test-UI Automation Test-2] INFO com.ui.listeners.TestListener.onTestStart(TestListener.java:29) verifies if the valid user is able to login to the application 
2026-03-16 18:37:20 [TestNG-test-UI Automation Test-2] INFO com.ui.listeners.TestListener.onTestStart(TestListener.java:30) [e2e, sanity] 
2026-03-16 18:37:20 [TestNG-test-UI Automation Test-2] INFO com.ui.pages.HomePage.goToLoginPage(HomePage.java:25) Trying to perform click to go to sign in page 
2026-03-16 18:37:20 [TestNG-test-UI Automation Test-2] INFO com.utility.BrowserUtility.clickOn(BrowserUtility.java:81) Finding the element with locator By.xpath: //a[contains(text(),'Sign in')] 
2026-03-16 18:37:20 [TestNG-test-UI Automation Test-2] INFO com.utility.BrowserUtility.clickOn(BrowserUtility.java:83) Element found and now performing click 
2026-03-16 18:37:20 [TestNG-test-UI Automation Test-2] INFO com.utility.BrowserUtility.enterText(BrowserUtility.java:88) Finding the element with locator By.id: email 
2026-03-16 18:37:20 [TestNG-test-UI Automation Test-2] INFO com.utility.BrowserUtility.enterText(BrowserUtility.java:90) Element found and now entering text wayopew108@flosek.com 
2026-03-16 18:37:20 [TestNG-test-UI Automation Test-2] INFO com.utility.BrowserUtility.enterText(BrowserUtility.java:88) Finding the element with locator By.id: passwd 
2026-03-16 18:37:20 [TestNG-test-UI Automation Test-2] INFO com.utility.BrowserUtility.enterText(BrowserUtility.java:90) Element found and now entering text password 
2026-03-16 18:37:20 [TestNG-test-UI Automation Test-2] INFO com.utility.BrowserUtility.clickOn(BrowserUtility.java:81) Finding the element with locator By.id: SubmitLogin 
2026-03-16 18:37:20 [TestNG-test-UI Automation Test-2] INFO com.utility.BrowserUtility.clickOn(BrowserUtility.java:83) Element found and now performing click 
2026-03-16 18:37:20 [TestNG-test-UI Automation Test-2] INFO com.utility.BrowserUtility.getVisibleText(BrowserUtility.java:95) Finding the element with locator By.xpath: //a[@title='View my customer account']/span 
2026-03-16 18:37:20 [TestNG-test-UI Automation Test-2] INFO com.utility.BrowserUtility.getVisibleText(BrowserUtility.java:98) Element found and now returning text Skill Up 
2026-03-16 18:37:20 [TestNG-test-UI Automation Test-2] INFO com.ui.listeners.TestListener.onTestSuccess(TestListener.java:36) loginExcelTest PASSED 
2026-03-16 18:37:22 [TestNG-test-UI Automation Test-1] INFO com.utility.BrowserUtility.maximizeWindow(BrowserUtility.java:76) Maximizing the browser window 
2026-03-16 18:37:22 [TestNG-test-UI Automation Test-1] INFO com.ui.listeners.TestListener.onTestStart(TestListener.java:28) loginCSVTest 
2026-03-16 18:37:22 [TestNG-test-UI Automation Test-1] INFO com.ui.listeners.TestListener.onTestStart(TestListener.java:29) verifies if the valid user is able to login to the application 
2026-03-16 18:37:22 [TestNG-test-UI Automation Test-1] INFO com.ui.listeners.TestListener.onTestStart(TestListener.java:30) [e2e, sanity] 
2026-03-16 18:37:22 [TestNG-test-UI Automation Test-1] INFO com.ui.pages.HomePage.goToLoginPage(HomePage.java:25) Trying to perform click to go to sign in page 
2026-03-16 18:37:22 [TestNG-test-UI Automation Test-1] INFO com.utility.BrowserUtility.clickOn(BrowserUtility.java:81) Finding the element with locator By.xpath: //a[contains(text(),'Sign in')] 
2026-03-16 18:37:22 [TestNG-test-UI Automation Test-1] INFO com.utility.BrowserUtility.clickOn(BrowserUtility.java:83) Element found and now performing click 
2026-03-16 18:37:22 [TestNG-test-UI Automation Test-1] INFO com.utility.BrowserUtility.enterText(BrowserUtility.java:88) Finding the element with locator By.id: email 
2026-03-16 18:37:22 [TestNG-test-UI Automation Test-1] INFO com.utility.BrowserUtility.enterText(BrowserUtility.java:90) Element found and now entering text wayopew108@flosek.com 
2026-03-16 18:37:22 [TestNG-test-UI Automation Test-1] INFO com.utility.BrowserUtility.enterText(BrowserUtility.java:88) Finding the element with locator By.id: passwd 
2026-03-16 18:37:22 [TestNG-test-UI Automation Test-3] INFO com.utility.BrowserUtility.maximizeWindow(BrowserUtility.java:76) Maximizing the browser window 
2026-03-16 18:37:22 [TestNG-test-UI Automation Test-1] INFO com.utility.BrowserUtility.enterText(BrowserUtility.java:90) Element found and now entering text password 
2026-03-16 18:37:22 [TestNG-test-UI Automation Test-3] INFO com.ui.listeners.TestListener.onTestStart(TestListener.java:28) loginTest 
2026-03-16 18:37:22 [TestNG-test-UI Automation Test-3] INFO com.ui.listeners.TestListener.onTestStart(TestListener.java:29) verifies if the valid user is able to login to the application 
2026-03-16 18:37:22 [TestNG-test-UI Automation Test-3] INFO com.ui.listeners.TestListener.onTestStart(TestListener.java:30) [e2e, sanity] 
2026-03-16 18:37:22 [TestNG-test-UI Automation Test-3] INFO com.ui.pages.HomePage.goToLoginPage(HomePage.java:25) Trying to perform click to go to sign in page 
2026-03-16 18:37:22 [TestNG-test-UI Automation Test-3] INFO com.utility.BrowserUtility.clickOn(BrowserUtility.java:81) Finding the element with locator By.xpath: //a[contains(text(),'Sign in')] 
2026-03-16 18:37:22 [TestNG-test-UI Automation Test-3] INFO com.utility.BrowserUtility.clickOn(BrowserUtility.java:83) Element found and now performing click 
2026-03-16 18:37:22 [TestNG-test-UI Automation Test-1] INFO com.utility.BrowserUtility.clickOn(BrowserUtility.java:81) Finding the element with locator By.id: SubmitLogin 
2026-03-16 18:37:22 [TestNG-test-UI Automation Test-1] INFO com.utility.BrowserUtility.clickOn(BrowserUtility.java:83) Element found and now performing click 
2026-03-16 18:37:22 [TestNG-test-UI Automation Test-1] INFO com.utility.BrowserUtility.getVisibleText(BrowserUtility.java:95) Finding the element with locator By.xpath: //a[@title='View my customer account']/span 
2026-03-16 18:37:22 [TestNG-test-UI Automation Test-1] INFO com.utility.BrowserUtility.getVisibleText(BrowserUtility.java:98) Element found and now returning text Skill Up 
2026-03-16 18:37:22 [TestNG-test-UI Automation Test-1] INFO com.ui.listeners.TestListener.onTestSuccess(TestListener.java:36) loginCSVTest PASSED 
2026-03-16 18:37:22 [TestNG-test-UI Automation Test-1] INFO com.ui.tests.TestBase.setup(TestBase.java:19) Load the home page of the website 
2026-03-16 18:37:22 [TestNG-test-UI Automation Test-1] INFO com.utility.BrowserUtility.<init>(BrowserUtility.java:36) Launching CHROME browser 
2026-03-16 18:37:22 [TestNG-test-UI Automation Test-3] INFO com.utility.BrowserUtility.enterText(BrowserUtility.java:88) Finding the element with locator By.id: email 
2026-03-16 18:37:22 [TestNG-test-UI Automation Test-3] INFO com.utility.BrowserUtility.enterText(BrowserUtility.java:90) Element found and now entering text leviackerman@gmail.com 
2026-03-16 18:37:22 [TestNG-test-UI Automation Test-3] INFO com.utility.BrowserUtility.enterText(BrowserUtility.java:88) Finding the element with locator By.id: passwd 
2026-03-16 18:37:22 [TestNG-test-UI Automation Test-3] INFO com.utility.BrowserUtility.enterText(BrowserUtility.java:90) Element found and now entering text passpass 
2026-03-16 18:37:22 [TestNG-test-UI Automation Test-3] INFO com.utility.BrowserUtility.clickOn(BrowserUtility.java:81) Finding the element with locator By.id: SubmitLogin 
2026-03-16 18:37:22 [TestNG-test-UI Automation Test-3] INFO com.utility.BrowserUtility.clickOn(BrowserUtility.java:83) Element found and now performing click 
2026-03-16 18:37:22 [TestNG-test-UI Automation Test-3] INFO com.utility.BrowserUtility.getVisibleText(BrowserUtility.java:95) Finding the element with locator By.xpath: //a[@title='View my customer account']/span 
2026-03-16 18:37:22 [TestNG-test-UI Automation Test-3] ERROR com.ui.listeners.TestListener.onTestFailure(TestListener.java:41) loginTest FAILED 
2026-03-16 18:37:22 [TestNG-test-UI Automation Test-3] ERROR com.ui.listeners.TestListener.onTestFailure(TestListener.java:42) no such element: Unable to locate element: {"method":"xpath","selector":"//a[@title='View my customer account']/span"}
  (Session info: chrome=146.0.7680.80)
For documentation on this error, please visit: https://www.selenium.dev/documentation/webdriver/troubleshooting/errors#nosuchelementexception
Build info: version: '4.41.0', revision: '9fc754f'
System info: os.name: 'Windows 11', os.arch: 'amd64', os.version: '10.0', java.version: '21.0.8'
Driver info: org.openqa.selenium.chrome.ChromeDriver
Command: [16efc7e508a85cae1fbe07f17b34f39b, findElement {value=//a[@title='View my customer account']/span, using=xpath}]
Capabilities {acceptInsecureCerts: false, browserName: chrome, browserVersion: 146.0.7680.80, chrome: {chromedriverVersion: 146.0.7680.80 (f08938029c88..., userDataDir: C:\Users\WELCOME\AppData\Lo...}, fedcm:accounts: true, goog:chromeOptions: {debuggerAddress: localhost:55356}, goog:processID: 16936, networkConnectionEnabled: false, pageLoadStrategy: normal, platformName: windows, proxy: Proxy(), se:cdp: ws://localhost:55356/devtoo..., se:cdpVersion: 146.0.7680.80, setWindowRect: true, strictFileInteractability: false, timeouts: {implicit: 0, pageLoad: 300000, script: 30000}, unhandledPromptBehavior: dismiss and notify, webauthn:extension:credBlob: true, webauthn:extension:largeBlob: true, webauthn:extension:minPinLength: true, webauthn:extension:prf: true, webauthn:virtualAuthenticators: true}
Session ID: 16efc7e508a85cae1fbe07f17b34f39b 
2026-03-16 18:37:22 [TestNG-test-UI Automation Test-3] INFO com.ui.listeners.TestListener.onTestFailure(TestListener.java:47) Capturing screenshot for the failed test... 
2026-03-16 18:37:23 [TestNG-test-UI Automation Test-3] INFO com.ui.listeners.TestListener.onTestFailure(TestListener.java:50) Attaching screenshot to the HTML file... 
2026-03-16 18:37:23 [TestNG-test-UI Automation Test-1] INFO com.utility.BrowserUtility.goToWebsite(BrowserUtility.java:70) Visiting the website https://automationpractice.techwithjatin.com/ 
2026-03-16 18:37:23 [TestNG-test-UI Automation Test-1] INFO com.utility.BrowserUtility.maximizeWindow(BrowserUtility.java:76) Maximizing the browser window 
2026-03-16 18:37:23 [TestNG-test-UI Automation Test-1] INFO com.ui.listeners.TestListener.onTestStart(TestListener.java:28) loginCSVTest 
2026-03-16 18:37:23 [TestNG-test-UI Automation Test-1] INFO com.ui.listeners.TestListener.onTestStart(TestListener.java:29) verifies if the valid user is able to login to the application 
2026-03-16 18:37:23 [TestNG-test-UI Automation Test-1] INFO com.ui.listeners.TestListener.onTestStart(TestListener.java:30) [e2e, sanity] 
2026-03-16 18:37:23 [TestNG-test-UI Automation Test-1] INFO com.ui.pages.HomePage.goToLoginPage(HomePage.java:25) Trying to perform click to go to sign in page 
2026-03-16 18:37:23 [TestNG-test-UI Automation Test-1] INFO com.utility.BrowserUtility.clickOn(BrowserUtility.java:81) Finding the element with locator By.xpath: //a[contains(text(),'Sign in')] 
2026-03-16 18:37:23 [TestNG-test-UI Automation Test-1] INFO com.utility.BrowserUtility.clickOn(BrowserUtility.java:83) Element found and now performing click 
2026-03-16 18:37:23 [TestNG-test-UI Automation Test-1] INFO com.utility.BrowserUtility.enterText(BrowserUtility.java:88) Finding the element with locator By.id: email 
2026-03-16 18:37:23 [TestNG-test-UI Automation Test-1] INFO com.utility.BrowserUtility.enterText(BrowserUtility.java:90) Element found and now entering text erenyaegar@aot.com 
2026-03-16 18:37:23 [TestNG-test-UI Automation Test-1] INFO com.utility.BrowserUtility.enterText(BrowserUtility.java:88) Finding the element with locator By.id: passwd 
2026-03-16 18:37:23 [TestNG-test-UI Automation Test-1] INFO com.utility.BrowserUtility.enterText(BrowserUtility.java:90) Element found and now entering text mikasa 
2026-03-16 18:37:23 [TestNG-test-UI Automation Test-1] INFO com.utility.BrowserUtility.clickOn(BrowserUtility.java:81) Finding the element with locator By.id: SubmitLogin 
2026-03-16 18:37:23 [TestNG-test-UI Automation Test-1] INFO com.utility.BrowserUtility.clickOn(BrowserUtility.java:83) Element found and now performing click 
2026-03-16 18:37:24 [TestNG-test-UI Automation Test-1] INFO com.utility.BrowserUtility.getVisibleText(BrowserUtility.java:95) Finding the element with locator By.xpath: //a[@title='View my customer account']/span 
2026-03-16 18:37:24 [TestNG-test-UI Automation Test-1] ERROR com.ui.listeners.TestListener.onTestFailure(TestListener.java:41) loginCSVTest FAILED 
2026-03-16 18:37:24 [TestNG-test-UI Automation Test-1] ERROR com.ui.listeners.TestListener.onTestFailure(TestListener.java:42) no such element: Unable to locate element: {"method":"xpath","selector":"//a[@title='View my customer account']/span"}
  (Session info: chrome=146.0.7680.80)
For documentation on this error, please visit: https://www.selenium.dev/documentation/webdriver/troubleshooting/errors#nosuchelementexception
Build info: version: '4.41.0', revision: '9fc754f'
System info: os.name: 'Windows 11', os.arch: 'amd64', os.version: '10.0', java.version: '21.0.8'
Driver info: org.openqa.selenium.chrome.ChromeDriver
Command: [8aa8bf4129e4463adc1ebef898a087f9, findElement {value=//a[@title='View my customer account']/span, using=xpath}]
Capabilities {acceptInsecureCerts: false, browserName: chrome, browserVersion: 146.0.7680.80, chrome: {chromedriverVersion: 146.0.7680.80 (f08938029c88..., userDataDir: C:\Users\WELCOME\AppData\Lo...}, fedcm:accounts: true, goog:chromeOptions: {debuggerAddress: localhost:53750}, goog:processID: 35532, networkConnectionEnabled: false, pageLoadStrategy: normal, platformName: windows, proxy: Proxy(), se:cdp: ws://localhost:53750/devtoo..., se:cdpVersion: 146.0.7680.80, setWindowRect: true, strictFileInteractability: false, timeouts: {implicit: 0, pageLoad: 300000, script: 30000}, unhandledPromptBehavior: dismiss and notify, webauthn:extension:credBlob: true, webauthn:extension:largeBlob: true, webauthn:extension:minPinLength: true, webauthn:extension:prf: true, webauthn:virtualAuthenticators: true}
Session ID: 8aa8bf4129e4463adc1ebef898a087f9 
2026-03-16 18:37:24 [TestNG-test-UI Automation Test-1] INFO com.ui.listeners.TestListener.onTestFailure(TestListener.java:47) Capturing screenshot for the failed test... 
2026-03-16 18:37:24 [TestNG-test-UI Automation Test-1] INFO com.ui.listeners.TestListener.onTestFailure(TestListener.java:50) Attaching screenshot to the HTML file... 
2026-03-16 18:37:24 [main] INFO com.ui.listeners.TestListener.onFinish(TestListener.java:65) Test Suite Completed...!!! 
